{"/home/manuelamp/driven/projeto21-projetoautoral/projetoautoral-backend/src/app.ts": {"path":"/home/manuelamp/driven/projeto21-projetoautoral/projetoautoral-backend/src/app.ts","statementMap":{"0":{"start":{"line":1,"column":0},"end":{"line":1,"column":43}},"1":{"start":{"line":2,"column":0},"end":{"line":2,"column":24}},"2":{"start":{"line":4,"column":0},"end":{"line":4,"column":60}},"3":{"start":{"line":5,"column":0},"end":{"line":5,"column":40}},"4":{"start":{"line":6,"column":0},"end":{"line":6,"column":59}},"5":{"start":{"line":7,"column":0},"end":{"line":7,"column":55}},"6":{"start":{"line":8,"column":0},"end":{"line":8,"column":57}},"7":{"start":{"line":9,"column":0},"end":{"line":9,"column":57}},"8":{"start":{"line":10,"column":0},"end":{"line":10,"column":51}},"9":{"start":{"line":12,"column":0},"end":{"line":12,"column":10}},"10":{"start":{"line":14,"column":12},"end":{"line":14,"column":21}},"11":{"start":{"line":15,"column":0},"end":{"line":22,"column":null}},"12":{"start":{"line":25,"column":2},"end":{"line":25,"column":14}},"13":{"start":{"line":26,"column":2},"end":{"line":26,"column":30}},"14":{"start":{"line":24,"column":0},"end":{"line":24,"column":16}},"15":{"start":{"line":30,"column":2},"end":{"line":30,"column":23}},"16":{"start":{"line":29,"column":0},"end":{"line":29,"column":22}},"17":{"start":{"line":33,"column":0},"end":{"line":33,"column":19}}},"fnMap":{"0":{"name":"init","decl":{"start":{"line":24,"column":16},"end":{"line":24,"column":20}},"loc":{"start":{"line":24,"column":20},"end":{"line":27,"column":1}}},"1":{"name":"close","decl":{"start":{"line":29,"column":22},"end":{"line":29,"column":27}},"loc":{"start":{"line":29,"column":27},"end":{"line":31,"column":null}}}},"branchMap":{},"s":{"0":5,"1":5,"2":5,"3":5,"4":5,"5":5,"6":5,"7":5,"8":5,"9":5,"10":5,"11":5,"12":5,"13":5,"14":5,"15":0,"16":5,"17":5},"f":{"0":5,"1":0},"b":{}}
,"/home/manuelamp/driven/projeto21-projetoautoral/projetoautoral-backend/src/server.ts": {"path":"/home/manuelamp/driven/projeto21-projetoautoral/projetoautoral-backend/src/server.ts","statementMap":{"0":{"start":{"line":1,"column":0},"end":{"line":1,"column":34}},"1":{"start":{"line":3,"column":13},"end":{"line":3,"column":37}},"2":{"start":{"line":5,"column":0},"end":{"line":7,"column":3}},"3":{"start":{"line":6,"column":4},"end":{"line":6,"column":74}},"4":{"start":{"line":6,"column":27},"end":{"line":6,"column":72}}},"fnMap":{"0":{"name":"(anonymous_6)","decl":{"start":{"line":5,"column":12},"end":{"line":5,"column":15}},"loc":{"start":{"line":5,"column":17},"end":{"line":7,"column":1}}},"1":{"name":"(anonymous_7)","decl":{"start":{"line":6,"column":21},"end":{"line":6,"column":24}},"loc":{"start":{"line":6,"column":27},"end":{"line":6,"column":72}}}},"branchMap":{"0":{"loc":{"start":{"line":3,"column":13},"end":{"line":3,"column":37}},"type":"binary-expr","locations":[{"start":{"line":3,"column":13},"end":{"line":3,"column":29}},{"start":{"line":3,"column":33},"end":{"line":3,"column":37}}]}},"s":{"0":0,"1":0,"2":0,"3":0,"4":0},"f":{"0":0,"1":0},"b":{"0":[0,0]}}
,"/home/manuelamp/driven/projeto21-projetoautoral/projetoautoral-backend/src/config/database.ts": {"path":"/home/manuelamp/driven/projeto21-projetoautoral/projetoautoral-backend/src/config/database.ts","statementMap":{"0":{"start":{"line":1,"column":0},"end":{"line":1,"column":46}},"1":{"start":{"line":5,"column":2},"end":{"line":5,"column":30}},"2":{"start":{"line":4,"column":0},"end":{"line":4,"column":16}},"3":{"start":{"line":9,"column":2},"end":{"line":9,"column":30}},"4":{"start":{"line":8,"column":0},"end":{"line":8,"column":22}}},"fnMap":{"0":{"name":"connectDb","decl":{"start":{"line":4,"column":16},"end":{"line":4,"column":25}},"loc":{"start":{"line":4,"column":25},"end":{"line":6,"column":1}}},"1":{"name":"disconnectDB","decl":{"start":{"line":8,"column":22},"end":{"line":8,"column":34}},"loc":{"start":{"line":8,"column":34},"end":{"line":10,"column":null}}}},"branchMap":{"0":{"loc":{"start":{"line":9,"column":8},"end":{"line":9,"column":29}},"type":"cond-expr","locations":[{"start":{"line":9,"column":14},"end":{"line":9,"column":16}},{"start":{"line":9,"column":8},"end":{"line":9,"column":29}}]},"1":{"loc":{"start":{"line":9,"column":8},"end":{"line":9,"column":16}},"type":"binary-expr","locations":[{"start":{"line":9,"column":8},"end":{"line":9,"column":16}},{"start":{"line":9,"column":8},"end":{"line":9,"column":16}}]}},"s":{"0":5,"1":5,"2":5,"3":0,"4":5},"f":{"0":5,"1":0},"b":{"0":[0,0],"1":[0,0]}}
,"/home/manuelamp/driven/projeto21-projetoautoral/projetoautoral-backend/src/config/envs.ts": {"path":"/home/manuelamp/driven/projeto21-projetoautoral/projetoautoral-backend/src/config/envs.ts","statementMap":{"0":{"start":{"line":1,"column":0},"end":{"line":1,"column":28}},"1":{"start":{"line":2,"column":0},"end":{"line":2,"column":41}},"2":{"start":{"line":6,"column":4},"end":{"line":10,"column":16}},"3":{"start":{"line":12,"column":22},"end":{"line":12,"column":45}},"4":{"start":{"line":13,"column":2},"end":{"line":13,"column":35}},"5":{"start":{"line":4,"column":0},"end":{"line":4,"column":16}}},"fnMap":{"0":{"name":"loadEnv","decl":{"start":{"line":4,"column":16},"end":{"line":4,"column":23}},"loc":{"start":{"line":4,"column":23},"end":{"line":14,"column":1}}}},"branchMap":{"0":{"loc":{"start":{"line":6,"column":4},"end":{"line":10,"column":16}},"type":"cond-expr","locations":[{"start":{"line":7,"column":8},"end":{"line":7,"column":19}},{"start":{"line":8,"column":8},"end":{"line":10,"column":16}}]},"1":{"loc":{"start":{"line":8,"column":8},"end":{"line":10,"column":16}},"type":"cond-expr","locations":[{"start":{"line":9,"column":10},"end":{"line":9,"column":28}},{"start":{"line":10,"column":10},"end":{"line":10,"column":16}}]}},"s":{"0":5,"1":5,"2":5,"3":5,"4":5,"5":5},"f":{"0":5},"b":{"0":[5,0],"1":[0,0]}}
,"/home/manuelamp/driven/projeto21-projetoautoral/projetoautoral-backend/src/controllers/booking-controller.ts": {"path":"/home/manuelamp/driven/projeto21-projetoautoral/projetoautoral-backend/src/controllers/booking-controller.ts","statementMap":{"0":{"start":{"line":2,"column":0},"end":{"line":2,"column":37}},"1":{"start":{"line":4,"column":0},"end":{"line":4,"column":57}},"2":{"start":{"line":11,"column":27},"end":{"line":11,"column":44}},"3":{"start":{"line":12,"column":24},"end":{"line":12,"column":47}},"4":{"start":{"line":14,"column":4},"end":{"line":25,"column":null}},"5":{"start":{"line":15,"column":8},"end":{"line":15,"column":74}},"6":{"start":{"line":16,"column":8},"end":{"line":16,"column":98}},"7":{"start":{"line":18,"column":8},"end":{"line":20,"column":null}},"8":{"start":{"line":19,"column":12},"end":{"line":19,"column":58}},"9":{"start":{"line":22,"column":8},"end":{"line":24,"column":null}},"10":{"start":{"line":23,"column":12},"end":{"line":23,"column":59}},"11":{"start":{"line":10,"column":0},"end":{"line":10,"column":22}}},"fnMap":{"0":{"name":"bookingProcess","decl":{"start":{"line":10,"column":22},"end":{"line":10,"column":36}},"loc":{"start":{"line":10,"column":64},"end":{"line":26,"column":null}}}},"branchMap":{"0":{"loc":{"start":{"line":18,"column":8},"end":{"line":20,"column":null}},"type":"if","locations":[{"start":{"line":18,"column":8},"end":{"line":20,"column":null}}]},"1":{"loc":{"start":{"line":22,"column":8},"end":{"line":24,"column":null}},"type":"if","locations":[{"start":{"line":22,"column":8},"end":{"line":24,"column":null}}]}},"s":{"0":5,"1":5,"2":3,"3":3,"4":3,"5":3,"6":1,"7":2,"8":2,"9":0,"10":0,"11":5},"f":{"0":3},"b":{"0":[2],"1":[0]}}
,"/home/manuelamp/driven/projeto21-projetoautoral/projetoautoral-backend/src/controllers/payment-controller.ts": {"path":"/home/manuelamp/driven/projeto21-projetoautoral/projetoautoral-backend/src/controllers/payment-controller.ts","statementMap":{"0":{"start":{"line":2,"column":0},"end":{"line":2,"column":37}},"1":{"start":{"line":4,"column":0},"end":{"line":4,"column":57}},"2":{"start":{"line":11,"column":27},"end":{"line":11,"column":44}},"3":{"start":{"line":12,"column":24},"end":{"line":12,"column":47}},"4":{"start":{"line":14,"column":4},"end":{"line":25,"column":null}},"5":{"start":{"line":15,"column":8},"end":{"line":15,"column":74}},"6":{"start":{"line":16,"column":8},"end":{"line":16,"column":100}},"7":{"start":{"line":18,"column":8},"end":{"line":20,"column":null}},"8":{"start":{"line":19,"column":12},"end":{"line":19,"column":58}},"9":{"start":{"line":22,"column":8},"end":{"line":24,"column":null}},"10":{"start":{"line":23,"column":12},"end":{"line":23,"column":59}},"11":{"start":{"line":10,"column":0},"end":{"line":10,"column":22}}},"fnMap":{"0":{"name":"paymentProcess","decl":{"start":{"line":10,"column":22},"end":{"line":10,"column":36}},"loc":{"start":{"line":10,"column":64},"end":{"line":26,"column":null}}}},"branchMap":{"0":{"loc":{"start":{"line":18,"column":8},"end":{"line":20,"column":null}},"type":"if","locations":[{"start":{"line":18,"column":8},"end":{"line":20,"column":null}}]},"1":{"loc":{"start":{"line":22,"column":8},"end":{"line":24,"column":null}},"type":"if","locations":[{"start":{"line":22,"column":8},"end":{"line":24,"column":null}}]}},"s":{"0":5,"1":5,"2":0,"3":0,"4":0,"5":0,"6":0,"7":0,"8":0,"9":0,"10":0,"11":5},"f":{"0":0},"b":{"0":[0],"1":[0]}}
,"/home/manuelamp/driven/projeto21-projetoautoral/projetoautoral-backend/src/controllers/sign-controller.ts": {"path":"/home/manuelamp/driven/projeto21-projetoautoral/projetoautoral-backend/src/controllers/sign-controller.ts","statementMap":{"0":{"start":{"line":2,"column":0},"end":{"line":2,"column":37}},"1":{"start":{"line":4,"column":0},"end":{"line":4,"column":51}},"2":{"start":{"line":16,"column":38},"end":{"line":16,"column":60}},"3":{"start":{"line":18,"column":4},"end":{"line":25,"column":null}},"4":{"start":{"line":19,"column":21},"end":{"line":19,"column":72}},"5":{"start":{"line":20,"column":8},"end":{"line":20,"column":50}},"6":{"start":{"line":22,"column":8},"end":{"line":24,"column":null}},"7":{"start":{"line":23,"column":12},"end":{"line":23,"column":58}},"8":{"start":{"line":15,"column":0},"end":{"line":15,"column":22}},"9":{"start":{"line":29,"column":32},"end":{"line":29,"column":54}},"10":{"start":{"line":31,"column":4},"end":{"line":38,"column":null}},"11":{"start":{"line":32,"column":23},"end":{"line":32,"column":63}},"12":{"start":{"line":33,"column":8},"end":{"line":33,"column":58}},"13":{"start":{"line":35,"column":8},"end":{"line":37,"column":null}},"14":{"start":{"line":36,"column":12},"end":{"line":36,"column":58}},"15":{"start":{"line":28,"column":0},"end":{"line":28,"column":22}}},"fnMap":{"0":{"name":"signUp","decl":{"start":{"line":15,"column":22},"end":{"line":15,"column":28}},"loc":{"start":{"line":15,"column":56},"end":{"line":26,"column":null}}},"1":{"name":"signIn","decl":{"start":{"line":28,"column":22},"end":{"line":28,"column":28}},"loc":{"start":{"line":28,"column":56},"end":{"line":39,"column":null}}}},"branchMap":{"0":{"loc":{"start":{"line":22,"column":8},"end":{"line":24,"column":null}},"type":"if","locations":[{"start":{"line":22,"column":8},"end":{"line":24,"column":null}}]},"1":{"loc":{"start":{"line":35,"column":8},"end":{"line":37,"column":null}},"type":"if","locations":[{"start":{"line":35,"column":8},"end":{"line":37,"column":null}}]}},"s":{"0":5,"1":5,"2":2,"3":2,"4":2,"5":1,"6":1,"7":1,"8":5,"9":3,"10":3,"11":3,"12":1,"13":2,"14":2,"15":5},"f":{"0":2,"1":3},"b":{"0":[1],"1":[2]}}
,"/home/manuelamp/driven/projeto21-projetoautoral/projetoautoral-backend/src/controllers/subjects-controller.ts": {"path":"/home/manuelamp/driven/projeto21-projetoautoral/projetoautoral-backend/src/controllers/subjects-controller.ts","statementMap":{"0":{"start":{"line":2,"column":0},"end":{"line":2,"column":37}},"1":{"start":{"line":4,"column":0},"end":{"line":4,"column":59}},"2":{"start":{"line":7,"column":4},"end":{"line":18,"column":null}},"3":{"start":{"line":8,"column":25},"end":{"line":8,"column":60}},"4":{"start":{"line":9,"column":8},"end":{"line":9,"column":56}},"5":{"start":{"line":11,"column":8},"end":{"line":13,"column":null}},"6":{"start":{"line":12,"column":12},"end":{"line":12,"column":56}},"7":{"start":{"line":15,"column":8},"end":{"line":17,"column":null}},"8":{"start":{"line":16,"column":12},"end":{"line":16,"column":59}},"9":{"start":{"line":6,"column":0},"end":{"line":6,"column":22}}},"fnMap":{"0":{"name":"listSubjects","decl":{"start":{"line":6,"column":22},"end":{"line":6,"column":34}},"loc":{"start":{"line":6,"column":62},"end":{"line":19,"column":null}}}},"branchMap":{"0":{"loc":{"start":{"line":11,"column":8},"end":{"line":13,"column":null}},"type":"if","locations":[{"start":{"line":11,"column":8},"end":{"line":13,"column":null}}]},"1":{"loc":{"start":{"line":15,"column":8},"end":{"line":17,"column":null}},"type":"if","locations":[{"start":{"line":15,"column":8},"end":{"line":17,"column":null}}]}},"s":{"0":5,"1":5,"2":2,"3":2,"4":1,"5":1,"6":1,"7":0,"8":0,"9":5},"f":{"0":2},"b":{"0":[1],"1":[0]}}
,"/home/manuelamp/driven/projeto21-projetoautoral/projetoautoral-backend/src/controllers/tutors-controller.ts": {"path":"/home/manuelamp/driven/projeto21-projetoautoral/projetoautoral-backend/src/controllers/tutors-controller.ts","statementMap":{"0":{"start":{"line":2,"column":0},"end":{"line":2,"column":37}},"1":{"start":{"line":4,"column":0},"end":{"line":4,"column":55}},"2":{"start":{"line":7,"column":26},"end":{"line":7,"column":36}},"3":{"start":{"line":9,"column":4},"end":{"line":20,"column":null}},"4":{"start":{"line":10,"column":23},"end":{"line":10,"column":80}},"5":{"start":{"line":11,"column":8},"end":{"line":11,"column":54}},"6":{"start":{"line":13,"column":8},"end":{"line":15,"column":null}},"7":{"start":{"line":14,"column":12},"end":{"line":14,"column":56}},"8":{"start":{"line":17,"column":8},"end":{"line":19,"column":null}},"9":{"start":{"line":18,"column":12},"end":{"line":18,"column":59}},"10":{"start":{"line":6,"column":0},"end":{"line":6,"column":22}},"11":{"start":{"line":24,"column":24},"end":{"line":24,"column":34}},"12":{"start":{"line":26,"column":4},"end":{"line":37,"column":null}},"13":{"start":{"line":27,"column":22},"end":{"line":27,"column":71}},"14":{"start":{"line":28,"column":8},"end":{"line":28,"column":53}},"15":{"start":{"line":30,"column":8},"end":{"line":32,"column":null}},"16":{"start":{"line":31,"column":12},"end":{"line":31,"column":56}},"17":{"start":{"line":34,"column":8},"end":{"line":36,"column":null}},"18":{"start":{"line":35,"column":12},"end":{"line":35,"column":59}},"19":{"start":{"line":23,"column":0},"end":{"line":23,"column":22}}},"fnMap":{"0":{"name":"listTutors","decl":{"start":{"line":6,"column":22},"end":{"line":6,"column":32}},"loc":{"start":{"line":6,"column":60},"end":{"line":21,"column":null}}},"1":{"name":"listTutorInfo","decl":{"start":{"line":23,"column":22},"end":{"line":23,"column":35}},"loc":{"start":{"line":23,"column":63},"end":{"line":38,"column":null}}}},"branchMap":{"0":{"loc":{"start":{"line":13,"column":8},"end":{"line":15,"column":null}},"type":"if","locations":[{"start":{"line":13,"column":8},"end":{"line":15,"column":null}}]},"1":{"loc":{"start":{"line":17,"column":8},"end":{"line":19,"column":null}},"type":"if","locations":[{"start":{"line":17,"column":8},"end":{"line":19,"column":null}}]},"2":{"loc":{"start":{"line":30,"column":8},"end":{"line":32,"column":null}},"type":"if","locations":[{"start":{"line":30,"column":8},"end":{"line":32,"column":null}}]},"3":{"loc":{"start":{"line":34,"column":8},"end":{"line":36,"column":null}},"type":"if","locations":[{"start":{"line":34,"column":8},"end":{"line":36,"column":null}}]}},"s":{"0":5,"1":5,"2":2,"3":2,"4":2,"5":1,"6":1,"7":1,"8":0,"9":0,"10":5,"11":2,"12":2,"13":2,"14":1,"15":1,"16":1,"17":0,"18":0,"19":5},"f":{"0":2,"1":2},"b":{"0":[1],"1":[0],"2":[1],"3":[0]}}
,"/home/manuelamp/driven/projeto21-projetoautoral/projetoautoral-backend/src/errors/bad-request-error.ts": {"path":"/home/manuelamp/driven/projeto21-projetoautoral/projetoautoral-backend/src/errors/bad-request-error.ts","statementMap":{"0":{"start":{"line":2,"column":4},"end":{"line":5,"column":6}},"1":{"start":{"line":1,"column":0},"end":{"line":1,"column":16}}},"fnMap":{"0":{"name":"badRequestError","decl":{"start":{"line":1,"column":16},"end":{"line":1,"column":31}},"loc":{"start":{"line":1,"column":31},"end":{"line":6,"column":1}}}},"branchMap":{},"s":{"0":5,"1":5},"f":{"0":5},"b":{}}
,"/home/manuelamp/driven/projeto21-projetoautoral/projetoautoral-backend/src/errors/not-found-error.ts": {"path":"/home/manuelamp/driven/projeto21-projetoautoral/projetoautoral-backend/src/errors/not-found-error.ts","statementMap":{"0":{"start":{"line":2,"column":2},"end":{"line":5,"column":4}},"1":{"start":{"line":1,"column":0},"end":{"line":1,"column":16}}},"fnMap":{"0":{"name":"notFoundError","decl":{"start":{"line":1,"column":16},"end":{"line":1,"column":29}},"loc":{"start":{"line":1,"column":29},"end":{"line":6,"column":1}}}},"branchMap":{},"s":{"0":3,"1":5},"f":{"0":3},"b":{}}
,"/home/manuelamp/driven/projeto21-projetoautoral/projetoautoral-backend/src/errors/unauthorized-error.ts": {"path":"/home/manuelamp/driven/projeto21-projetoautoral/projetoautoral-backend/src/errors/unauthorized-error.ts","statementMap":{"0":{"start":{"line":2,"column":4},"end":{"line":5,"column":6}},"1":{"start":{"line":1,"column":0},"end":{"line":1,"column":16}}},"fnMap":{"0":{"name":"unauthorizedError","decl":{"start":{"line":1,"column":16},"end":{"line":1,"column":33}},"loc":{"start":{"line":1,"column":33},"end":{"line":6,"column":1}}}},"branchMap":{},"s":{"0":0,"1":5},"f":{"0":0},"b":{}}
,"/home/manuelamp/driven/projeto21-projetoautoral/projetoautoral-backend/src/middlewares/authentication-middleware.ts": {"path":"/home/manuelamp/driven/projeto21-projetoautoral/projetoautoral-backend/src/middlewares/authentication-middleware.ts","statementMap":{"0":{"start":{"line":2,"column":0},"end":{"line":2,"column":37}},"1":{"start":{"line":3,"column":0},"end":{"line":3,"column":36}},"2":{"start":{"line":5,"column":0},"end":{"line":5,"column":65}},"3":{"start":{"line":6,"column":0},"end":{"line":6,"column":61}},"4":{"start":{"line":14,"column":30},"end":{"line":14,"column":41}},"5":{"start":{"line":15,"column":18},"end":{"line":15,"column":55}},"6":{"start":{"line":16,"column":4},"end":{"line":18,"column":null}},"7":{"start":{"line":17,"column":8},"end":{"line":17,"column":34}},"8":{"start":{"line":20,"column":4},"end":{"line":29,"column":null}},"9":{"start":{"line":21,"column":27},"end":{"line":21,"column":82}},"10":{"start":{"line":23,"column":24},"end":{"line":23,"column":63}},"11":{"start":{"line":24,"column":8},"end":{"line":24,"column":42}},"12":{"start":{"line":24,"column":22},"end":{"line":24,"column":42}},"13":{"start":{"line":26,"column":8},"end":{"line":26,"column":35}},"14":{"start":{"line":28,"column":8},"end":{"line":28,"column":70}},"15":{"start":{"line":31,"column":4},"end":{"line":31,"column":11}},"16":{"start":{"line":13,"column":0},"end":{"line":13,"column":22}}},"fnMap":{"0":{"name":"authenticateToken","decl":{"start":{"line":13,"column":22},"end":{"line":13,"column":39}},"loc":{"start":{"line":13,"column":87},"end":{"line":32,"column":null}}}},"branchMap":{"0":{"loc":{"start":{"line":15,"column":18},"end":{"line":15,"column":55}},"type":"cond-expr","locations":[{"start":{"line":15,"column":31},"end":{"line":15,"column":33}},{"start":{"line":15,"column":18},"end":{"line":15,"column":55}}]},"1":{"loc":{"start":{"line":15,"column":18},"end":{"line":15,"column":33}},"type":"binary-expr","locations":[{"start":{"line":15,"column":18},"end":{"line":15,"column":33}},{"start":{"line":15,"column":18},"end":{"line":15,"column":33}}]},"2":{"loc":{"start":{"line":16,"column":4},"end":{"line":18,"column":null}},"type":"if","locations":[{"start":{"line":16,"column":4},"end":{"line":18,"column":null}}]},"3":{"loc":{"start":{"line":24,"column":8},"end":{"line":24,"column":42}},"type":"if","locations":[{"start":{"line":24,"column":8},"end":{"line":24,"column":42}}]}},"s":{"0":5,"1":5,"2":5,"3":5,"4":22,"5":22,"6":22,"7":0,"8":22,"9":22,"10":22,"11":22,"12":0,"13":22,"14":0,"15":22,"16":5},"f":{"0":22},"b":{"0":[0,22],"1":[22,22],"2":[0],"3":[0]}}
,"/home/manuelamp/driven/projeto21-projetoautoral/projetoautoral-backend/src/middlewares/validation-middleware.ts": {"path":"/home/manuelamp/driven/projeto21-projetoautoral/projetoautoral-backend/src/middlewares/validation-middleware.ts","statementMap":{"0":{"start":{"line":2,"column":0},"end":{"line":2,"column":37}},"1":{"start":{"line":7,"column":4},"end":{"line":17,"column":null}},"2":{"start":{"line":9,"column":33},"end":{"line":9,"column":79}},"3":{"start":{"line":11,"column":8},"end":{"line":14,"column":10}},"4":{"start":{"line":12,"column":26},"end":{"line":12,"column":93}},"5":{"start":{"line":12,"column":78},"end":{"line":12,"column":92}},"6":{"start":{"line":13,"column":12},"end":{"line":13,"column":66}},"7":{"start":{"line":16,"column":8},"end":{"line":16,"column":15}},"8":{"start":{"line":6,"column":0},"end":{"line":6,"column":16}}},"fnMap":{"0":{"name":"validateSchema","decl":{"start":{"line":6,"column":16},"end":{"line":6,"column":30}},"loc":{"start":{"line":6,"column":49},"end":{"line":18,"column":1}}},"1":{"name":"(anonymous_2)","decl":{"start":{"line":7,"column":11},"end":{"line":7,"column":12}},"loc":{"start":{"line":7,"column":63},"end":{"line":17,"column":5}}},"2":{"name":"(anonymous_3)","decl":{"start":{"line":12,"column":61},"end":{"line":12,"column":62}},"loc":{"start":{"line":12,"column":78},"end":{"line":12,"column":92}}}},"branchMap":{"0":{"loc":{"start":{"line":11,"column":8},"end":{"line":14,"column":10}},"type":"if","locations":[{"start":{"line":11,"column":8},"end":{"line":14,"column":10}}]}},"s":{"0":5,"1":20,"2":13,"3":13,"4":5,"5":13,"6":5,"7":8,"8":5},"f":{"0":20,"1":13,"2":13},"b":{"0":[5]}}
,"/home/manuelamp/driven/projeto21-projetoautoral/projetoautoral-backend/src/repositories/booking-repository.ts": {"path":"/home/manuelamp/driven/projeto21-projetoautoral/projetoautoral-backend/src/repositories/booking-repository.ts","statementMap":{"0":{"start":{"line":1,"column":0},"end":{"line":1,"column":44}},"1":{"start":{"line":4,"column":4},"end":{"line":9,"column":7}},"2":{"start":{"line":13,"column":4},"end":{"line":18,"column":7}},"3":{"start":{"line":21,"column":26},"end":{"line":24,"column":2}},"4":{"start":{"line":26,"column":0},"end":{"line":26,"column":33}}},"fnMap":{"0":{"name":"createBooking","decl":{"start":{"line":3,"column":15},"end":{"line":3,"column":28}},"loc":{"start":{"line":3,"column":60},"end":{"line":10,"column":null}}},"1":{"name":"findBooking","decl":{"start":{"line":12,"column":15},"end":{"line":12,"column":26}},"loc":{"start":{"line":12,"column":58},"end":{"line":19,"column":null}}}},"branchMap":{},"s":{"0":5,"1":1,"2":2,"3":5,"4":5},"f":{"0":1,"1":2},"b":{}}
,"/home/manuelamp/driven/projeto21-projetoautoral/projetoautoral-backend/src/repositories/payment-repository.ts": {"path":"/home/manuelamp/driven/projeto21-projetoautoral/projetoautoral-backend/src/repositories/payment-repository.ts","statementMap":{"0":{"start":{"line":1,"column":0},"end":{"line":1,"column":44}},"1":{"start":{"line":4,"column":4},"end":{"line":9,"column":7}},"2":{"start":{"line":12,"column":26},"end":{"line":14,"column":2}},"3":{"start":{"line":16,"column":0},"end":{"line":16,"column":33}}},"fnMap":{"0":{"name":"createPayment","decl":{"start":{"line":3,"column":15},"end":{"line":3,"column":28}},"loc":{"start":{"line":3,"column":46},"end":{"line":10,"column":null}}}},"branchMap":{},"s":{"0":5,"1":0,"2":5,"3":5},"f":{"0":0},"b":{}}
,"/home/manuelamp/driven/projeto21-projetoautoral/projetoautoral-backend/src/repositories/sign-repository.ts": {"path":"/home/manuelamp/driven/projeto21-projetoautoral/projetoautoral-backend/src/repositories/sign-repository.ts","statementMap":{"0":{"start":{"line":1,"column":0},"end":{"line":1,"column":44}},"1":{"start":{"line":4,"column":4},"end":{"line":8,"column":7}},"2":{"start":{"line":12,"column":4},"end":{"line":16,"column":7}},"3":{"start":{"line":20,"column":4},"end":{"line":26,"column":7}},"4":{"start":{"line":30,"column":4},"end":{"line":35,"column":7}},"5":{"start":{"line":39,"column":4},"end":{"line":43,"column":7}},"6":{"start":{"line":46,"column":23},"end":{"line":52,"column":2}},"7":{"start":{"line":54,"column":0},"end":{"line":54,"column":30}}},"fnMap":{"0":{"name":"checkEmail","decl":{"start":{"line":3,"column":15},"end":{"line":3,"column":25}},"loc":{"start":{"line":3,"column":39},"end":{"line":9,"column":null}}},"1":{"name":"selectUser","decl":{"start":{"line":11,"column":15},"end":{"line":11,"column":25}},"loc":{"start":{"line":11,"column":40},"end":{"line":17,"column":null}}},"2":{"name":"insertUser","decl":{"start":{"line":19,"column":15},"end":{"line":19,"column":25}},"loc":{"start":{"line":19,"column":75},"end":{"line":27,"column":null}}},"3":{"name":"createSession","decl":{"start":{"line":29,"column":15},"end":{"line":29,"column":28}},"loc":{"start":{"line":29,"column":58},"end":{"line":36,"column":null}}},"4":{"name":"findSession","decl":{"start":{"line":38,"column":15},"end":{"line":38,"column":26}},"loc":{"start":{"line":38,"column":40},"end":{"line":44,"column":null}}}},"branchMap":{},"s":{"0":5,"1":5,"2":0,"3":1,"4":1,"5":22,"6":5,"7":5},"f":{"0":5,"1":0,"2":1,"3":1,"4":22},"b":{}}
,"/home/manuelamp/driven/projeto21-projetoautoral/projetoautoral-backend/src/repositories/subjects-repository.ts": {"path":"/home/manuelamp/driven/projeto21-projetoautoral/projetoautoral-backend/src/repositories/subjects-repository.ts","statementMap":{"0":{"start":{"line":1,"column":0},"end":{"line":1,"column":44}},"1":{"start":{"line":4,"column":4},"end":{"line":4,"column":38}},"2":{"start":{"line":3,"column":0},"end":{"line":3,"column":22}},"3":{"start":{"line":7,"column":27},"end":{"line":9,"column":2}},"4":{"start":{"line":11,"column":0},"end":{"line":11,"column":34}}},"fnMap":{"0":{"name":"findSubjects","decl":{"start":{"line":3,"column":22},"end":{"line":3,"column":34}},"loc":{"start":{"line":3,"column":34},"end":{"line":5,"column":null}}}},"branchMap":{},"s":{"0":5,"1":2,"2":5,"3":5,"4":5},"f":{"0":2},"b":{}}
,"/home/manuelamp/driven/projeto21-projetoautoral/projetoautoral-backend/src/repositories/tutors-repository.ts": {"path":"/home/manuelamp/driven/projeto21-projetoautoral/projetoautoral-backend/src/repositories/tutors-repository.ts","statementMap":{"0":{"start":{"line":1,"column":0},"end":{"line":1,"column":44}},"1":{"start":{"line":5,"column":4},"end":{"line":9,"column":7}},"2":{"start":{"line":13,"column":4},"end":{"line":17,"column":7}},"3":{"start":{"line":20,"column":25},"end":{"line":23,"column":2}},"4":{"start":{"line":25,"column":0},"end":{"line":25,"column":32}}},"fnMap":{"0":{"name":"findTutorById","decl":{"start":{"line":4,"column":15},"end":{"line":4,"column":28}},"loc":{"start":{"line":4,"column":44},"end":{"line":10,"column":null}}},"1":{"name":"findTutorsBySubject","decl":{"start":{"line":12,"column":15},"end":{"line":12,"column":34}},"loc":{"start":{"line":12,"column":52},"end":{"line":18,"column":null}}}},"branchMap":{},"s":{"0":5,"1":5,"2":2,"3":5,"4":5},"f":{"0":5,"1":2},"b":{}}
,"/home/manuelamp/driven/projeto21-projetoautoral/projetoautoral-backend/src/routers/booking-router.ts": {"path":"/home/manuelamp/driven/projeto21-projetoautoral/projetoautoral-backend/src/routers/booking-router.ts","statementMap":{"0":{"start":{"line":1,"column":0},"end":{"line":1,"column":33}},"1":{"start":{"line":2,"column":0},"end":{"line":2,"column":67}},"2":{"start":{"line":3,"column":0},"end":{"line":3,"column":77}},"3":{"start":{"line":4,"column":0},"end":{"line":4,"column":70}},"4":{"start":{"line":5,"column":0},"end":{"line":5,"column":58}},"5":{"start":{"line":7,"column":22},"end":{"line":7,"column":30}},"6":{"start":{"line":13,"column":9},"end":{"line":13,"column":22}},"7":{"start":{"line":9,"column":0},"end":{"line":11,"column":69}}},"fnMap":{},"branchMap":{},"s":{"0":5,"1":5,"2":5,"3":5,"4":5,"5":5,"6":5,"7":5},"f":{},"b":{}}
,"/home/manuelamp/driven/projeto21-projetoautoral/projetoautoral-backend/src/routers/payment-router.ts": {"path":"/home/manuelamp/driven/projeto21-projetoautoral/projetoautoral-backend/src/routers/payment-router.ts","statementMap":{"0":{"start":{"line":1,"column":0},"end":{"line":1,"column":33}},"1":{"start":{"line":2,"column":0},"end":{"line":2,"column":67}},"2":{"start":{"line":3,"column":0},"end":{"line":3,"column":77}},"3":{"start":{"line":4,"column":0},"end":{"line":4,"column":70}},"4":{"start":{"line":5,"column":0},"end":{"line":5,"column":58}},"5":{"start":{"line":7,"column":22},"end":{"line":7,"column":30}},"6":{"start":{"line":13,"column":9},"end":{"line":13,"column":22}},"7":{"start":{"line":9,"column":0},"end":{"line":11,"column":null}}},"fnMap":{},"branchMap":{},"s":{"0":5,"1":5,"2":5,"3":5,"4":5,"5":5,"6":5,"7":5},"f":{},"b":{}}
,"/home/manuelamp/driven/projeto21-projetoautoral/projetoautoral-backend/src/routers/sign-router.ts": {"path":"/home/manuelamp/driven/projeto21-projetoautoral/projetoautoral-backend/src/routers/sign-router.ts","statementMap":{"0":{"start":{"line":1,"column":0},"end":{"line":1,"column":33}},"1":{"start":{"line":2,"column":0},"end":{"line":2,"column":64}},"2":{"start":{"line":3,"column":0},"end":{"line":3,"column":70}},"3":{"start":{"line":4,"column":0},"end":{"line":4,"column":66}},"4":{"start":{"line":6,"column":19},"end":{"line":6,"column":27}},"5":{"start":{"line":12,"column":9},"end":{"line":12,"column":19}},"6":{"start":{"line":8,"column":0},"end":{"line":10,"column":null}}},"fnMap":{},"branchMap":{},"s":{"0":5,"1":5,"2":5,"3":5,"4":5,"5":5,"6":5},"f":{},"b":{}}
,"/home/manuelamp/driven/projeto21-projetoautoral/projetoautoral-backend/src/routers/subjects-router.ts": {"path":"/home/manuelamp/driven/projeto21-projetoautoral/projetoautoral-backend/src/routers/subjects-router.ts","statementMap":{"0":{"start":{"line":1,"column":0},"end":{"line":1,"column":33}},"1":{"start":{"line":2,"column":0},"end":{"line":2,"column":66}},"2":{"start":{"line":3,"column":0},"end":{"line":3,"column":77}},"3":{"start":{"line":5,"column":23},"end":{"line":5,"column":31}},"4":{"start":{"line":11,"column":9},"end":{"line":11,"column":23}},"5":{"start":{"line":7,"column":0},"end":{"line":9,"column":null}}},"fnMap":{},"branchMap":{},"s":{"0":5,"1":5,"2":5,"3":5,"4":5,"5":5},"f":{},"b":{}}
,"/home/manuelamp/driven/projeto21-projetoautoral/projetoautoral-backend/src/routers/tutors-router.ts": {"path":"/home/manuelamp/driven/projeto21-projetoautoral/projetoautoral-backend/src/routers/tutors-router.ts","statementMap":{"0":{"start":{"line":1,"column":0},"end":{"line":1,"column":33}},"1":{"start":{"line":2,"column":0},"end":{"line":2,"column":77}},"2":{"start":{"line":3,"column":0},"end":{"line":3,"column":77}},"3":{"start":{"line":5,"column":21},"end":{"line":5,"column":29}},"4":{"start":{"line":12,"column":9},"end":{"line":12,"column":21}},"5":{"start":{"line":7,"column":0},"end":{"line":10,"column":null}}},"fnMap":{},"branchMap":{},"s":{"0":5,"1":5,"2":5,"3":5,"4":5,"5":5},"f":{},"b":{}}
,"/home/manuelamp/driven/projeto21-projetoautoral/projetoautoral-backend/src/schemas/booking-schema.ts": {"path":"/home/manuelamp/driven/projeto21-projetoautoral/projetoautoral-backend/src/schemas/booking-schema.ts","statementMap":{"0":{"start":{"line":1,"column":0},"end":{"line":1,"column":22}},"1":{"start":{"line":3,"column":13},"end":{"line":5,"column":3}}},"fnMap":{},"branchMap":{},"s":{"0":5,"1":5},"f":{},"b":{}}
,"/home/manuelamp/driven/projeto21-projetoautoral/projetoautoral-backend/src/schemas/payment-schema.ts": {"path":"/home/manuelamp/driven/projeto21-projetoautoral/projetoautoral-backend/src/schemas/payment-schema.ts","statementMap":{"0":{"start":{"line":1,"column":0},"end":{"line":1,"column":22}},"1":{"start":{"line":3,"column":13},"end":{"line":6,"column":3}}},"fnMap":{},"branchMap":{},"s":{"0":5,"1":5},"f":{},"b":{}}
,"/home/manuelamp/driven/projeto21-projetoautoral/projetoautoral-backend/src/schemas/sign-schema.ts": {"path":"/home/manuelamp/driven/projeto21-projetoautoral/projetoautoral-backend/src/schemas/sign-schema.ts","statementMap":{"0":{"start":{"line":1,"column":0},"end":{"line":1,"column":22}},"1":{"start":{"line":3,"column":13},"end":{"line":8,"column":3}},"2":{"start":{"line":10,"column":13},"end":{"line":13,"column":3}}},"fnMap":{},"branchMap":{},"s":{"0":5,"1":5,"2":5},"f":{},"b":{}}
,"/home/manuelamp/driven/projeto21-projetoautoral/projetoautoral-backend/src/services/booking-service.ts": {"path":"/home/manuelamp/driven/projeto21-projetoautoral/projetoautoral-backend/src/services/booking-service.ts","statementMap":{"0":{"start":{"line":1,"column":0},"end":{"line":1,"column":67}},"1":{"start":{"line":2,"column":0},"end":{"line":2,"column":62}},"2":{"start":{"line":3,"column":0},"end":{"line":3,"column":65}},"3":{"start":{"line":6,"column":22},"end":{"line":6,"column":67}},"4":{"start":{"line":7,"column":2},"end":{"line":9,"column":null}},"5":{"start":{"line":8,"column":4},"end":{"line":8,"column":28}},"6":{"start":{"line":11,"column":18},"end":{"line":11,"column":70}},"7":{"start":{"line":12,"column":2},"end":{"line":14,"column":null}},"8":{"start":{"line":13,"column":4},"end":{"line":13,"column":28}},"9":{"start":{"line":16,"column":2},"end":{"line":16,"column":57}},"10":{"start":{"line":19,"column":23},"end":{"line":21,"column":null}},"11":{"start":{"line":23,"column":0},"end":{"line":23,"column":30}}},"fnMap":{"0":{"name":"postBooking","decl":{"start":{"line":5,"column":15},"end":{"line":5,"column":26}},"loc":{"start":{"line":5,"column":58},"end":{"line":17,"column":null}}}},"branchMap":{"0":{"loc":{"start":{"line":7,"column":2},"end":{"line":9,"column":null}},"type":"if","locations":[{"start":{"line":7,"column":2},"end":{"line":9,"column":null}}]},"1":{"loc":{"start":{"line":7,"column":6},"end":{"line":7,"column":30}},"type":"binary-expr","locations":[{"start":{"line":7,"column":6},"end":{"line":7,"column":18}},{"start":{"line":7,"column":22},"end":{"line":7,"column":30}}]},"2":{"loc":{"start":{"line":12,"column":2},"end":{"line":14,"column":null}},"type":"if","locations":[{"start":{"line":12,"column":2},"end":{"line":14,"column":null}}]}},"s":{"0":5,"1":5,"2":5,"3":3,"4":3,"5":1,"6":2,"7":2,"8":1,"9":1,"10":5,"11":5},"f":{"0":3},"b":{"0":[1],"1":[3,2],"2":[1]}}
,"/home/manuelamp/driven/projeto21-projetoautoral/projetoautoral-backend/src/services/payment-service.ts": {"path":"/home/manuelamp/driven/projeto21-projetoautoral/projetoautoral-backend/src/services/payment-service.ts","statementMap":{"0":{"start":{"line":1,"column":0},"end":{"line":1,"column":67}},"1":{"start":{"line":2,"column":0},"end":{"line":2,"column":62}},"2":{"start":{"line":3,"column":0},"end":{"line":3,"column":67}},"3":{"start":{"line":4,"column":0},"end":{"line":4,"column":65}},"4":{"start":{"line":7,"column":22},"end":{"line":7,"column":67}},"5":{"start":{"line":8,"column":2},"end":{"line":10,"column":null}},"6":{"start":{"line":9,"column":4},"end":{"line":9,"column":28}},"7":{"start":{"line":12,"column":18},"end":{"line":12,"column":70}},"8":{"start":{"line":13,"column":2},"end":{"line":15,"column":null}},"9":{"start":{"line":14,"column":4},"end":{"line":14,"column":28}},"10":{"start":{"line":17,"column":20},"end":{"line":17,"column":30}},"11":{"start":{"line":18,"column":2},"end":{"line":18,"column":51}},"12":{"start":{"line":21,"column":23},"end":{"line":23,"column":null}},"13":{"start":{"line":25,"column":0},"end":{"line":25,"column":30}}},"fnMap":{"0":{"name":"postPayment","decl":{"start":{"line":6,"column":15},"end":{"line":6,"column":26}},"loc":{"start":{"line":6,"column":58},"end":{"line":19,"column":null}}}},"branchMap":{"0":{"loc":{"start":{"line":8,"column":2},"end":{"line":10,"column":null}},"type":"if","locations":[{"start":{"line":8,"column":2},"end":{"line":10,"column":null}}]},"1":{"loc":{"start":{"line":8,"column":6},"end":{"line":8,"column":30}},"type":"binary-expr","locations":[{"start":{"line":8,"column":6},"end":{"line":8,"column":18}},{"start":{"line":8,"column":22},"end":{"line":8,"column":30}}]},"2":{"loc":{"start":{"line":13,"column":2},"end":{"line":15,"column":null}},"type":"if","locations":[{"start":{"line":13,"column":2},"end":{"line":15,"column":null}}]},"3":{"loc":{"start":{"line":13,"column":6},"end":{"line":13,"column":43}},"type":"binary-expr","locations":[{"start":{"line":13,"column":6},"end":{"line":13,"column":14}},{"start":{"line":13,"column":18},"end":{"line":13,"column":43}}]}},"s":{"0":5,"1":5,"2":5,"3":5,"4":0,"5":0,"6":0,"7":0,"8":0,"9":0,"10":0,"11":0,"12":5,"13":5},"f":{"0":0},"b":{"0":[0],"1":[0,0],"2":[0],"3":[0,0]}}
,"/home/manuelamp/driven/projeto21-projetoautoral/projetoautoral-backend/src/services/sign-service.ts": {"path":"/home/manuelamp/driven/projeto21-projetoautoral/projetoautoral-backend/src/services/sign-service.ts","statementMap":{"0":{"start":{"line":1,"column":0},"end":{"line":1,"column":28}},"1":{"start":{"line":2,"column":0},"end":{"line":2,"column":31}},"2":{"start":{"line":4,"column":0},"end":{"line":4,"column":61}},"3":{"start":{"line":5,"column":0},"end":{"line":5,"column":62}},"4":{"start":{"line":8,"column":17},"end":{"line":8,"column":55}},"5":{"start":{"line":9,"column":4},"end":{"line":11,"column":null}},"6":{"start":{"line":10,"column":8},"end":{"line":10,"column":32}},"7":{"start":{"line":13,"column":25},"end":{"line":13,"column":54}},"8":{"start":{"line":14,"column":4},"end":{"line":14,"column":63}},"9":{"start":{"line":18,"column":17},"end":{"line":18,"column":55}},"10":{"start":{"line":19,"column":4},"end":{"line":21,"column":null}},"11":{"start":{"line":20,"column":8},"end":{"line":20,"column":32}},"12":{"start":{"line":23,"column":28},"end":{"line":23,"column":73}},"13":{"start":{"line":24,"column":4},"end":{"line":26,"column":null}},"14":{"start":{"line":25,"column":8},"end":{"line":25,"column":32}},"15":{"start":{"line":29,"column":19},"end":{"line":29,"column":26}},"16":{"start":{"line":30,"column":18},"end":{"line":30,"column":62}},"17":{"start":{"line":31,"column":4},"end":{"line":31,"column":62}},"18":{"start":{"line":33,"column":4},"end":{"line":33,"column":17}},"19":{"start":{"line":36,"column":20},"end":{"line":39,"column":null}},"20":{"start":{"line":41,"column":0},"end":{"line":41,"column":27}}},"fnMap":{"0":{"name":"createUser","decl":{"start":{"line":7,"column":15},"end":{"line":7,"column":25}},"loc":{"start":{"line":7,"column":71},"end":{"line":15,"column":null}}},"1":{"name":"login","decl":{"start":{"line":17,"column":15},"end":{"line":17,"column":20}},"loc":{"start":{"line":17,"column":52},"end":{"line":34,"column":null}}}},"branchMap":{"0":{"loc":{"start":{"line":9,"column":4},"end":{"line":11,"column":null}},"type":"if","locations":[{"start":{"line":9,"column":4},"end":{"line":11,"column":null}}]},"1":{"loc":{"start":{"line":19,"column":4},"end":{"line":21,"column":null}},"type":"if","locations":[{"start":{"line":19,"column":4},"end":{"line":21,"column":null}}]},"2":{"loc":{"start":{"line":24,"column":4},"end":{"line":26,"column":null}},"type":"if","locations":[{"start":{"line":24,"column":4},"end":{"line":26,"column":null}}]}},"s":{"0":5,"1":5,"2":5,"3":5,"4":2,"5":2,"6":1,"7":1,"8":1,"9":3,"10":3,"11":1,"12":2,"13":2,"14":1,"15":1,"16":1,"17":1,"18":1,"19":5,"20":5},"f":{"0":2,"1":3},"b":{"0":[1],"1":[1],"2":[1]}}
,"/home/manuelamp/driven/projeto21-projetoautoral/projetoautoral-backend/src/services/subjects-service.ts": {"path":"/home/manuelamp/driven/projeto21-projetoautoral/projetoautoral-backend/src/services/subjects-service.ts","statementMap":{"0":{"start":{"line":1,"column":0},"end":{"line":1,"column":69}},"1":{"start":{"line":2,"column":0},"end":{"line":2,"column":58}},"2":{"start":{"line":5,"column":21},"end":{"line":5,"column":60}},"3":{"start":{"line":6,"column":4},"end":{"line":8,"column":null}},"4":{"start":{"line":7,"column":8},"end":{"line":7,"column":30}},"5":{"start":{"line":10,"column":4},"end":{"line":10,"column":20}},"6":{"start":{"line":13,"column":24},"end":{"line":15,"column":null}},"7":{"start":{"line":17,"column":0},"end":{"line":17,"column":31}}},"fnMap":{"0":{"name":"getSubjects","decl":{"start":{"line":4,"column":15},"end":{"line":4,"column":26}},"loc":{"start":{"line":4,"column":26},"end":{"line":11,"column":null}}}},"branchMap":{"0":{"loc":{"start":{"line":6,"column":4},"end":{"line":8,"column":null}},"type":"if","locations":[{"start":{"line":6,"column":4},"end":{"line":8,"column":null}}]}},"s":{"0":5,"1":5,"2":2,"3":2,"4":1,"5":1,"6":5,"7":5},"f":{"0":2},"b":{"0":[1]}}
,"/home/manuelamp/driven/projeto21-projetoautoral/projetoautoral-backend/src/services/tutors-service.ts": {"path":"/home/manuelamp/driven/projeto21-projetoautoral/projetoautoral-backend/src/services/tutors-service.ts","statementMap":{"0":{"start":{"line":1,"column":0},"end":{"line":1,"column":65}},"1":{"start":{"line":2,"column":0},"end":{"line":2,"column":58}},"2":{"start":{"line":5,"column":16},"end":{"line":5,"column":61}},"3":{"start":{"line":6,"column":2},"end":{"line":8,"column":null}},"4":{"start":{"line":7,"column":4},"end":{"line":7,"column":26}},"5":{"start":{"line":10,"column":2},"end":{"line":10,"column":15}},"6":{"start":{"line":14,"column":17},"end":{"line":14,"column":70}},"7":{"start":{"line":15,"column":2},"end":{"line":17,"column":null}},"8":{"start":{"line":16,"column":4},"end":{"line":16,"column":26}},"9":{"start":{"line":19,"column":2},"end":{"line":19,"column":16}},"10":{"start":{"line":22,"column":22},"end":{"line":25,"column":null}},"11":{"start":{"line":27,"column":0},"end":{"line":27,"column":29}}},"fnMap":{"0":{"name":"getTutorById","decl":{"start":{"line":4,"column":15},"end":{"line":4,"column":27}},"loc":{"start":{"line":4,"column":43},"end":{"line":11,"column":null}}},"1":{"name":"getTutorsBySubject","decl":{"start":{"line":13,"column":15},"end":{"line":13,"column":33}},"loc":{"start":{"line":13,"column":51},"end":{"line":20,"column":null}}}},"branchMap":{"0":{"loc":{"start":{"line":6,"column":2},"end":{"line":8,"column":null}},"type":"if","locations":[{"start":{"line":6,"column":2},"end":{"line":8,"column":null}}]},"1":{"loc":{"start":{"line":15,"column":2},"end":{"line":17,"column":null}},"type":"if","locations":[{"start":{"line":15,"column":2},"end":{"line":17,"column":null}}]}},"s":{"0":5,"1":5,"2":2,"3":2,"4":1,"5":1,"6":2,"7":2,"8":1,"9":1,"10":5,"11":5},"f":{"0":2,"1":2},"b":{"0":[1],"1":[1]}}
}
