TN:
SF:src/app.ts
FN:24,init
FN:29,close
FNF:2
FNH:1
FNDA:5,init
FNDA:0,close
DA:1,5
DA:2,5
DA:4,5
DA:5,5
DA:6,5
DA:7,5
DA:8,5
DA:9,5
DA:10,5
DA:12,5
DA:14,5
DA:15,5
DA:24,5
DA:25,5
DA:26,5
DA:29,5
DA:30,0
DA:33,5
LF:18
LH:17
BRF:0
BRH:0
end_of_record
TN:
SF:src/server.ts
FN:5,(anonymous_6)
FN:6,(anonymous_7)
FNF:2
FNH:0
FNDA:0,(anonymous_6)
FNDA:0,(anonymous_7)
DA:1,0
DA:3,0
DA:5,0
DA:6,0
LF:4
LH:0
BRDA:3,0,0,0
BRDA:3,0,1,0
BRF:2
BRH:0
end_of_record
TN:
SF:src/config/database.ts
FN:4,connectDb
FN:8,disconnectDB
FNF:2
FNH:1
FNDA:5,connectDb
FNDA:0,disconnectDB
DA:1,5
DA:4,5
DA:5,5
DA:8,5
DA:9,0
LF:5
LH:4
BRDA:9,0,0,0
BRDA:9,0,1,0
BRDA:9,1,0,0
BRDA:9,1,1,0
BRF:4
BRH:0
end_of_record
TN:
SF:src/config/envs.ts
FN:4,loadEnv
FNF:1
FNH:1
FNDA:5,loadEnv
DA:1,5
DA:2,5
DA:4,5
DA:6,5
DA:12,5
DA:13,5
LF:6
LH:6
BRDA:6,0,0,5
BRDA:6,0,1,0
BRDA:8,1,0,0
BRDA:8,1,1,0
BRF:4
BRH:1
end_of_record
TN:
SF:src/controllers/booking-controller.ts
FN:10,bookingProcess
FNF:1
FNH:1
FNDA:3,bookingProcess
DA:2,5
DA:4,5
DA:10,5
DA:11,3
DA:12,3
DA:14,3
DA:15,3
DA:16,1
DA:18,2
DA:19,2
DA:22,0
DA:23,0
LF:12
LH:10
BRDA:18,0,0,2
BRDA:22,1,0,0
BRF:2
BRH:1
end_of_record
TN:
SF:src/controllers/payment-controller.ts
FN:10,paymentProcess
FNF:1
FNH:0
FNDA:0,paymentProcess
DA:2,5
DA:4,5
DA:10,5
DA:11,0
DA:12,0
DA:14,0
DA:15,0
DA:16,0
DA:18,0
DA:19,0
DA:22,0
DA:23,0
LF:12
LH:3
BRDA:18,0,0,0
BRDA:22,1,0,0
BRF:2
BRH:0
end_of_record
TN:
SF:src/controllers/sign-controller.ts
FN:15,signUp
FN:28,signIn
FNF:2
FNH:2
FNDA:2,signUp
FNDA:3,signIn
DA:2,5
DA:4,5
DA:15,5
DA:16,2
DA:18,2
DA:19,2
DA:20,1
DA:22,1
DA:23,1
DA:28,5
DA:29,3
DA:31,3
DA:32,3
DA:33,1
DA:35,2
DA:36,2
LF:16
LH:16
BRDA:22,0,0,1
BRDA:35,1,0,2
BRF:2
BRH:2
end_of_record
TN:
SF:src/controllers/subjects-controller.ts
FN:6,listSubjects
FNF:1
FNH:1
FNDA:2,listSubjects
DA:2,5
DA:4,5
DA:6,5
DA:7,2
DA:8,2
DA:9,1
DA:11,1
DA:12,1
DA:15,0
DA:16,0
LF:10
LH:8
BRDA:11,0,0,1
BRDA:15,1,0,0
BRF:2
BRH:1
end_of_record
TN:
SF:src/controllers/tutors-controller.ts
FN:6,listTutors
FN:23,listTutorInfo
FNF:2
FNH:2
FNDA:2,listTutors
FNDA:2,listTutorInfo
DA:2,5
DA:4,5
DA:6,5
DA:7,2
DA:9,2
DA:10,2
DA:11,1
DA:13,1
DA:14,1
DA:17,0
DA:18,0
DA:23,5
DA:24,2
DA:26,2
DA:27,2
DA:28,1
DA:30,1
DA:31,1
DA:34,0
DA:35,0
LF:20
LH:16
BRDA:13,0,0,1
BRDA:17,1,0,0
BRDA:30,2,0,1
BRDA:34,3,0,0
BRF:4
BRH:2
end_of_record
TN:
SF:src/errors/bad-request-error.ts
FN:1,badRequestError
FNF:1
FNH:1
FNDA:5,badRequestError
DA:1,5
DA:2,5
LF:2
LH:2
BRF:0
BRH:0
end_of_record
TN:
SF:src/errors/not-found-error.ts
FN:1,notFoundError
FNF:1
FNH:1
FNDA:3,notFoundError
DA:1,5
DA:2,3
LF:2
LH:2
BRF:0
BRH:0
end_of_record
TN:
SF:src/errors/unauthorized-error.ts
FN:1,unauthorizedError
FNF:1
FNH:0
FNDA:0,unauthorizedError
DA:1,5
DA:2,0
LF:2
LH:1
BRF:0
BRH:0
end_of_record
TN:
SF:src/middlewares/authentication-middleware.ts
FN:13,authenticateToken
FNF:1
FNH:1
FNDA:22,authenticateToken
DA:2,5
DA:3,5
DA:5,5
DA:6,5
DA:13,5
DA:14,22
DA:15,22
DA:16,22
DA:17,0
DA:20,22
DA:21,22
DA:23,22
DA:24,22
DA:26,22
DA:28,0
DA:31,22
LF:16
LH:14
BRDA:15,0,0,0
BRDA:15,0,1,22
BRDA:15,1,0,22
BRDA:15,1,1,22
BRDA:16,2,0,0
BRDA:24,3,0,0
BRF:6
BRH:3
end_of_record
TN:
SF:src/middlewares/validation-middleware.ts
FN:6,validateSchema
FN:7,(anonymous_2)
FN:12,(anonymous_3)
FNF:3
FNH:3
FNDA:20,validateSchema
FNDA:13,(anonymous_2)
FNDA:13,(anonymous_3)
DA:2,5
DA:6,5
DA:7,20
DA:9,13
DA:11,13
DA:12,13
DA:13,5
DA:16,8
LF:8
LH:8
BRDA:11,0,0,5
BRF:1
BRH:1
end_of_record
TN:
SF:src/repositories/booking-repository.ts
FN:3,createBooking
FN:12,findBooking
FNF:2
FNH:2
FNDA:1,createBooking
FNDA:2,findBooking
DA:1,5
DA:4,1
DA:13,2
DA:21,5
DA:26,5
LF:5
LH:5
BRF:0
BRH:0
end_of_record
TN:
SF:src/repositories/payment-repository.ts
FN:3,createPayment
FNF:1
FNH:0
FNDA:0,createPayment
DA:1,5
DA:4,0
DA:12,5
DA:16,5
LF:4
LH:3
BRF:0
BRH:0
end_of_record
TN:
SF:src/repositories/sign-repository.ts
FN:3,checkEmail
FN:11,selectUser
FN:19,insertUser
FN:29,createSession
FN:38,findSession
FNF:5
FNH:4
FNDA:5,checkEmail
FNDA:0,selectUser
FNDA:1,insertUser
FNDA:1,createSession
FNDA:22,findSession
DA:1,5
DA:4,5
DA:12,0
DA:20,1
DA:30,1
DA:39,22
DA:46,5
DA:54,5
LF:8
LH:7
BRF:0
BRH:0
end_of_record
TN:
SF:src/repositories/subjects-repository.ts
FN:3,findSubjects
FNF:1
FNH:1
FNDA:2,findSubjects
DA:1,5
DA:3,5
DA:4,2
DA:7,5
DA:11,5
LF:5
LH:5
BRF:0
BRH:0
end_of_record
TN:
SF:src/repositories/tutors-repository.ts
FN:4,findTutorById
FN:12,findTutorsBySubject
FNF:2
FNH:2
FNDA:5,findTutorById
FNDA:2,findTutorsBySubject
DA:1,5
DA:5,5
DA:13,2
DA:20,5
DA:25,5
LF:5
LH:5
BRF:0
BRH:0
end_of_record
TN:
SF:src/routers/booking-router.ts
FNF:0
FNH:0
DA:1,5
DA:2,5
DA:3,5
DA:4,5
DA:5,5
DA:7,5
DA:9,5
DA:13,5
LF:8
LH:8
BRF:0
BRH:0
end_of_record
TN:
SF:src/routers/payment-router.ts
FNF:0
FNH:0
DA:1,5
DA:2,5
DA:3,5
DA:4,5
DA:5,5
DA:7,5
DA:9,5
DA:13,5
LF:8
LH:8
BRF:0
BRH:0
end_of_record
TN:
SF:src/routers/sign-router.ts
FNF:0
FNH:0
DA:1,5
DA:2,5
DA:3,5
DA:4,5
DA:6,5
DA:8,5
DA:12,5
LF:7
LH:7
BRF:0
BRH:0
end_of_record
TN:
SF:src/routers/subjects-router.ts
FNF:0
FNH:0
DA:1,5
DA:2,5
DA:3,5
DA:5,5
DA:7,5
DA:11,5
LF:6
LH:6
BRF:0
BRH:0
end_of_record
TN:
SF:src/routers/tutors-router.ts
FNF:0
FNH:0
DA:1,5
DA:2,5
DA:3,5
DA:5,5
DA:7,5
DA:12,5
LF:6
LH:6
BRF:0
BRH:0
end_of_record
TN:
SF:src/schemas/booking-schema.ts
FNF:0
FNH:0
DA:1,5
DA:3,5
LF:2
LH:2
BRF:0
BRH:0
end_of_record
TN:
SF:src/schemas/payment-schema.ts
FNF:0
FNH:0
DA:1,5
DA:3,5
LF:2
LH:2
BRF:0
BRH:0
end_of_record
TN:
SF:src/schemas/sign-schema.ts
FNF:0
FNH:0
DA:1,5
DA:3,5
DA:10,5
LF:3
LH:3
BRF:0
BRH:0
end_of_record
TN:
SF:src/services/booking-service.ts
FN:5,postBooking
FNF:1
FNH:1
FNDA:3,postBooking
DA:1,5
DA:2,5
DA:3,5
DA:6,3
DA:7,3
DA:8,1
DA:11,2
DA:12,2
DA:13,1
DA:16,1
DA:19,5
DA:23,5
LF:12
LH:12
BRDA:7,0,0,1
BRDA:7,1,0,3
BRDA:7,1,1,2
BRDA:12,2,0,1
BRF:4
BRH:4
end_of_record
TN:
SF:src/services/payment-service.ts
FN:6,postPayment
FNF:1
FNH:0
FNDA:0,postPayment
DA:1,5
DA:2,5
DA:3,5
DA:4,5
DA:7,0
DA:8,0
DA:9,0
DA:12,0
DA:13,0
DA:14,0
DA:17,0
DA:18,0
DA:21,5
DA:25,5
LF:14
LH:6
BRDA:8,0,0,0
BRDA:8,1,0,0
BRDA:8,1,1,0
BRDA:13,2,0,0
BRDA:13,3,0,0
BRDA:13,3,1,0
BRF:6
BRH:0
end_of_record
TN:
SF:src/services/sign-service.ts
FN:7,createUser
FN:17,login
FNF:2
FNH:2
FNDA:2,createUser
FNDA:3,login
DA:1,5
DA:2,5
DA:4,5
DA:5,5
DA:8,2
DA:9,2
DA:10,1
DA:13,1
DA:14,1
DA:18,3
DA:19,3
DA:20,1
DA:23,2
DA:24,2
DA:25,1
DA:29,1
DA:30,1
DA:31,1
DA:33,1
DA:36,5
DA:41,5
LF:21
LH:21
BRDA:9,0,0,1
BRDA:19,1,0,1
BRDA:24,2,0,1
BRF:3
BRH:3
end_of_record
TN:
SF:src/services/subjects-service.ts
FN:4,getSubjects
FNF:1
FNH:1
FNDA:2,getSubjects
DA:1,5
DA:2,5
DA:5,2
DA:6,2
DA:7,1
DA:10,1
DA:13,5
DA:17,5
LF:8
LH:8
BRDA:6,0,0,1
BRF:1
BRH:1
end_of_record
TN:
SF:src/services/tutors-service.ts
FN:4,getTutorById
FN:13,getTutorsBySubject
FNF:2
FNH:2
FNDA:2,getTutorById
FNDA:2,getTutorsBySubject
DA:1,5
DA:2,5
DA:5,2
DA:6,2
DA:7,1
DA:10,1
DA:14,2
DA:15,2
DA:16,1
DA:19,1
DA:22,5
DA:27,5
LF:12
LH:12
BRDA:6,0,0,1
BRDA:15,1,0,1
BRF:2
BRH:2
end_of_record
